<?xml version="1.0" encoding="UTF-8"?>
<!-- Generated by org.testng.reporters.JUnitXMLReporter -->
<testsuite ignored="0" hostname="DESKTOP-8IPIPT6" failures="0" tests="5" name="Test" time="13.782" errors="0" timestamp="2023-04-04T22:03:43 AEST">
  <testcase classname="seleniumTesting.TestingWithSelenium1" name="addRemove" time="1.042"/>
  <testcase classname="seleniumTesting.TestingWithSelenium4" name="addRemove" time="0.982"/>
  <testcase classname="seleniumTesting.TestingWithSelenium3" name="addRemove" time="1.227"/>
  <testcase classname="seleniumTesting.TestingWithSelenium5" name="slider" time="1.439"/>
  <testcase classname="seleniumTesting.TestingWithSelenium2" name="entryAd" time="3.734"/>
</testsuite> <!-- Test -->
