<?xml version="1.0" encoding="UTF-8"?>
<testng-results ignored="0" total="5" passed="5" failed="0" skipped="0">
  <reporter-output>
  </reporter-output>
  <suite started-at="2023-04-04T22:03:29 AEST" name="Suite" finished-at="2023-04-04T22:03:43 AEST" duration-ms="13782">
    <groups>
    </groups>
    <test started-at="2023-04-04T22:03:29 AEST" name="Test" finished-at="2023-04-04T22:03:43 AEST" duration-ms="13782">
      <class name="seleniumTesting.TestingWithSelenium4">
        <test-method is-config="true" signature="launchBrowser()[pri:0, instance:seleniumTesting.TestingWithSelenium4@152aa092]" started-at="2023-04-04T22:03:29 AEST" name="launchBrowser" finished-at="2023-04-04T22:03:40 AEST" duration-ms="10754" status="PASS">
          <reporter-output>
          </reporter-output>
        </test-method> <!-- launchBrowser -->
        <test-method signature="addRemove()[pri:0, instance:seleniumTesting.TestingWithSelenium4@152aa092]" started-at="2023-04-04T22:03:40 AEST" name="addRemove" finished-at="2023-04-04T22:03:41 AEST" duration-ms="982" status="PASS">
          <reporter-output>
          </reporter-output>
        </test-method> <!-- addRemove -->
        <test-method is-config="true" signature="afterMethod()[pri:0, instance:seleniumTesting.TestingWithSelenium4@152aa092]" started-at="2023-04-04T22:03:41 AEST" name="afterMethod" finished-at="2023-04-04T22:03:41 AEST" duration-ms="160" status="PASS">
          <reporter-output>
          </reporter-output>
        </test-method> <!-- afterMethod -->
      </class> <!-- seleniumTesting.TestingWithSelenium4 -->
      <class name="seleniumTesting.TestingWithSelenium5">
        <test-method is-config="true" signature="launchBrowser()[pri:0, instance:seleniumTesting.TestingWithSelenium5@44a7bfbc]" started-at="2023-04-04T22:03:29 AEST" name="launchBrowser" finished-at="2023-04-04T22:03:40 AEST" duration-ms="10921" status="PASS">
          <reporter-output>
          </reporter-output>
        </test-method> <!-- launchBrowser -->
        <test-method signature="slider()[pri:0, instance:seleniumTesting.TestingWithSelenium5@44a7bfbc]" started-at="2023-04-04T22:03:40 AEST" name="slider" finished-at="2023-04-04T22:03:42 AEST" duration-ms="1439" status="PASS">
          <reporter-output>
          </reporter-output>
        </test-method> <!-- slider -->
        <test-method is-config="true" signature="closeBrowser()[pri:0, instance:seleniumTesting.TestingWithSelenium5@44a7bfbc]" started-at="2023-04-04T22:03:42 AEST" name="closeBrowser" finished-at="2023-04-04T22:03:42 AEST" duration-ms="128" status="PASS">
          <reporter-output>
          </reporter-output>
        </test-method> <!-- closeBrowser -->
      </class> <!-- seleniumTesting.TestingWithSelenium5 -->
      <class name="seleniumTesting.TestingWithSelenium1">
        <test-method is-config="true" signature="launchBrowser()[pri:0, instance:seleniumTesting.TestingWithSelenium1@61d6015a]" started-at="2023-04-04T22:03:29 AEST" name="launchBrowser" finished-at="2023-04-04T22:03:40 AEST" duration-ms="10402" status="PASS">
          <reporter-output>
          </reporter-output>
        </test-method> <!-- launchBrowser -->
        <test-method signature="addRemove()[pri:0, instance:seleniumTesting.TestingWithSelenium1@61d6015a]" started-at="2023-04-04T22:03:40 AEST" name="addRemove" finished-at="2023-04-04T22:03:41 AEST" duration-ms="1042" status="PASS">
          <reporter-output>
          </reporter-output>
        </test-method> <!-- addRemove -->
        <test-method is-config="true" signature="afterMethod()[pri:0, instance:seleniumTesting.TestingWithSelenium1@61d6015a]" started-at="2023-04-04T22:03:41 AEST" name="afterMethod" finished-at="2023-04-04T22:03:41 AEST" duration-ms="246" status="PASS">
          <reporter-output>
          </reporter-output>
        </test-method> <!-- afterMethod -->
      </class> <!-- seleniumTesting.TestingWithSelenium1 -->
      <class name="seleniumTesting.TestingWithSelenium2">
        <test-method is-config="true" signature="launchBrowser()[pri:0, instance:seleniumTesting.TestingWithSelenium2@2525ff7e]" started-at="2023-04-04T22:03:29 AEST" name="launchBrowser" finished-at="2023-04-04T22:03:39 AEST" duration-ms="9865" status="PASS">
          <reporter-output>
          </reporter-output>
        </test-method> <!-- launchBrowser -->
        <test-method signature="entryAd()[pri:0, instance:seleniumTesting.TestingWithSelenium2@2525ff7e]" started-at="2023-04-04T22:03:39 AEST" name="entryAd" finished-at="2023-04-04T22:03:43 AEST" duration-ms="3734" status="PASS">
          <reporter-output>
          </reporter-output>
        </test-method> <!-- entryAd -->
        <test-method is-config="true" signature="closeBrowser()[pri:0, instance:seleniumTesting.TestingWithSelenium2@2525ff7e]" started-at="2023-04-04T22:03:43 AEST" name="closeBrowser" finished-at="2023-04-04T22:03:43 AEST" duration-ms="147" status="PASS">
          <reporter-output>
          </reporter-output>
        </test-method> <!-- closeBrowser -->
      </class> <!-- seleniumTesting.TestingWithSelenium2 -->
      <class name="seleniumTesting.TestingWithSelenium3">
        <test-method is-config="true" signature="launchBrowser()[pri:0, instance:seleniumTesting.TestingWithSelenium3@524d6d96]" started-at="2023-04-04T22:03:29 AEST" name="launchBrowser" finished-at="2023-04-04T22:03:40 AEST" duration-ms="10911" status="PASS">
          <reporter-output>
          </reporter-output>
        </test-method> <!-- launchBrowser -->
        <test-method signature="addRemove()[pri:0, instance:seleniumTesting.TestingWithSelenium3@524d6d96]" started-at="2023-04-04T22:03:40 AEST" name="addRemove" finished-at="2023-04-04T22:03:42 AEST" duration-ms="1227" status="PASS">
          <reporter-output>
          </reporter-output>
        </test-method> <!-- addRemove -->
        <test-method is-config="true" signature="afterMethod()[pri:0, instance:seleniumTesting.TestingWithSelenium3@524d6d96]" started-at="2023-04-04T22:03:42 AEST" name="afterMethod" finished-at="2023-04-04T22:03:42 AEST" duration-ms="119" status="PASS">
          <reporter-output>
          </reporter-output>
        </test-method> <!-- afterMethod -->
      </class> <!-- seleniumTesting.TestingWithSelenium3 -->
    </test> <!-- Test -->
  </suite> <!-- Suite -->
</testng-results>
