<?xml version="1.0" encoding="UTF-8"?>
<testng-results ignored="0" total="1" passed="1" failed="0" skipped="0">
  <reporter-output>
  </reporter-output>
  <suite started-at="2023-03-31T13:55:54 AEDT" name="Default suite" finished-at="2023-03-31T13:56:03 AEDT" duration-ms="9135">
    <groups>
    </groups>
    <test started-at="2023-03-31T13:55:54 AEDT" name="Default test" finished-at="2023-03-31T13:56:03 AEDT" duration-ms="9135">
      <class name="seleniumTesting.TestingWithSelenium2">
        <test-method is-config="true" signature="launchBrowser()[pri:0, instance:seleniumTesting.TestingWithSelenium2@5403f35f]" started-at="2023-03-31T13:55:54 AEDT" name="launchBrowser" finished-at="2023-03-31T13:55:59 AEDT" duration-ms="5846" status="PASS">
          <reporter-output>
          </reporter-output>
        </test-method> <!-- launchBrowser -->
        <test-method signature="basicAuth()[pri:0, instance:seleniumTesting.TestingWithSelenium2@5403f35f]" started-at="2023-03-31T13:55:59 AEDT" name="basicAuth" finished-at="2023-03-31T13:56:02 AEDT" duration-ms="3008" status="PASS">
          <reporter-output>
          </reporter-output>
        </test-method> <!-- basicAuth -->
        <test-method is-config="true" signature="afterMethod()[pri:0, instance:seleniumTesting.TestingWithSelenium2@5403f35f]" started-at="2023-03-31T13:56:02 AEDT" name="afterMethod" finished-at="2023-03-31T13:56:03 AEDT" duration-ms="250" status="PASS">
          <reporter-output>
          </reporter-output>
        </test-method> <!-- afterMethod -->
      </class> <!-- seleniumTesting.TestingWithSelenium2 -->
    </test> <!-- Default test -->
  </suite> <!-- Default suite -->
</testng-results>
